<?xml version="1.0" encoding="UTF-8"?>
<testng-results ignored="0" total="1" passed="1" failed="0" skipped="0">
  <reporter-output>
  </reporter-output>
  <suite started-at="2022-07-30T22:17:40 ART" name="Default suite" finished-at="2022-07-30T22:17:44 ART" duration-ms="4357">
    <groups>
    </groups>
    <test started-at="2022-07-30T22:17:40 ART" name="Default test" finished-at="2022-07-30T22:17:44 ART" duration-ms="4357">
      <class name="Test.TheInternetByHerokuTesting">
        <test-method signature="GoogleSearch()[pri:0, instance:Test.TheInternetByHerokuTesting@5acf93bb]" started-at="2022-07-30T22:17:40 ART" name="GoogleSearch" finished-at="2022-07-30T22:17:44 ART" duration-ms="4336" status="PASS">
          <reporter-output>
          </reporter-output>
        </test-method> <!-- GoogleSearch -->
      </class> <!-- Test.TheInternetByHerokuTesting -->
    </test> <!-- Default test -->
  </suite> <!-- Default suite -->
</testng-results>
